<?xml version="1.0" encoding="UTF-8"?>
<!-- Generated by org.testng.reporters.JUnitXMLReporter -->
<testsuite ignored="0" hostname="Sourabh" failures="0" tests="9" name="Test" time="192.948" errors="0" timestamp="2024-01-27T18:17:36 IST">
  <testcase classname="com.example.qa.test.TransferPageTest" name="@AfterMethod VarifyLogout" time="5.193">
    <failure type="org.openqa.selenium.ElementNotInteractableException" message="element not interactable: http://localhost/banking//classes/Login.php?f=logout has no size and location
  (Session info: chrome=120.0.6099.225)
Build info: version: &amp;apos;4.16.1&amp;apos;, revision: &amp;apos;9b4c83354e&amp;apos;
System info: os.name: &amp;apos;Windows 11&amp;apos;, os.arch: &amp;apos;amd64&amp;apos;, os.version: &amp;apos;10.0&amp;apos;, java.version: &amp;apos;17.0.6&amp;apos;
Driver info: org.openqa.selenium.chrome.ChromeDriver
Command: [799090241b02122812e8ba86dc085c9a, actions {actions=[org.openqa.selenium.interactions.Sequence@661e279d]}]
Capabilities {acceptInsecureCerts: false, browserName: chrome, browserVersion: 120.0.6099.225, chrome: {chromedriverVersion: 120.0.6099.109 (3419140ab66..., userDataDir: C:\Users\mahul\AppData\Loca...}, fedcm:accounts: true, goog:chromeOptions: {debuggerAddress: localhost:58306}, networkConnectionEnabled: false, pageLoadStrategy: normal, platformName: windows, proxy: Proxy(), se:cdp: ws://localhost:58306/devtoo..., se:cdpVersion: 120.0.6099.225, setWindowRect: true, strictFileInteractability: false, timeouts: {implicit: 0, pageLoad: 300000, script: 30000}, unhandledPromptBehavior: dismiss and notify, webauthn:extension:credBlob: true, webauthn:extension:largeBlob: true, webauthn:extension:minPinLength: true, webauthn:extension:prf: true, webauthn:virtualAuthenticators: true}
Session ID: 799090241b02122812e8ba86dc085c9a">
      <![CDATA[org.openqa.selenium.ElementNotInteractableException: element not interactable: http://localhost/banking//classes/Login.php?f=logout has no size and location
  (Session info: chrome=120.0.6099.225)
Build info: version: '4.16.1', revision: '9b4c83354e'
System info: os.name: 'Windows 11', os.arch: 'amd64', os.version: '10.0', java.version: '17.0.6'
Driver info: org.openqa.selenium.chrome.ChromeDriver
Command: [799090241b02122812e8ba86dc085c9a, actions {actions=[org.openqa.selenium.interactions.Sequence@661e279d]}]
Capabilities {acceptInsecureCerts: false, browserName: chrome, browserVersion: 120.0.6099.225, chrome: {chromedriverVersion: 120.0.6099.109 (3419140ab66..., userDataDir: C:\Users\mahul\AppData\Loca...}, fedcm:accounts: true, goog:chromeOptions: {debuggerAddress: localhost:58306}, networkConnectionEnabled: false, pageLoadStrategy: normal, platformName: windows, proxy: Proxy(), se:cdp: ws://localhost:58306/devtoo..., se:cdpVersion: 120.0.6099.225, setWindowRect: true, strictFileInteractability: false, timeouts: {implicit: 0, pageLoad: 300000, script: 30000}, unhandledPromptBehavior: dismiss and notify, webauthn:extension:credBlob: true, webauthn:extension:largeBlob: true, webauthn:extension:minPinLength: true, webauthn:extension:prf: true, webauthn:virtualAuthenticators: true}
Session ID: 799090241b02122812e8ba86dc085c9a
at org.openqa.selenium.remote.codec.w3c.W3CHttpResponseCodec.createException(W3CHttpResponseCodec.java:200)
at org.openqa.selenium.remote.codec.w3c.W3CHttpResponseCodec.decode(W3CHttpResponseCodec.java:133)
at org.openqa.selenium.remote.codec.w3c.W3CHttpResponseCodec.decode(W3CHttpResponseCodec.java:52)
at org.openqa.selenium.remote.HttpCommandExecutor.execute(HttpCommandExecutor.java:191)
at org.openqa.selenium.remote.service.DriverCommandExecutor.invokeExecute(DriverCommandExecutor.java:200)
at org.openqa.selenium.remote.service.DriverCommandExecutor.execute(DriverCommandExecutor.java:175)
at org.openqa.selenium.remote.RemoteWebDriver.execute(RemoteWebDriver.java:523)
at org.openqa.selenium.remote.RemoteWebDriver.perform(RemoteWebDriver.java:609)
at org.openqa.selenium.interactions.Actions$BuiltAction.perform(Actions.java:598)
at com.example.qa.actiondriver.ActionDriver.click(ActionDriver.java:41)
at com.example.qa.page.DashboardPage.Varifylogout(DashboardPage.java:49)
at com.example.qa.test.TransferPageTest.VarifyLogout(TransferPageTest.java:29)
at java.base/java.util.ArrayList.forEach(ArrayList.java:1511)
... Removed 37 stack frames]]>
    </failure>
  </testcase> <!-- @AfterMethod VarifyLogout -->
  <testcase classname="com.example.qa.test.LoginPageTest" name="validateWithValidUseridValidPasswordTest" time="0.401"/>
  <testcase classname="com.example.qa.test.DeshboardPageTest" name="AccountManagementTest" time="6.343"/>
  <testcase classname="com.example.qa.test.CreateNewAccountPageTest" name="VarifyCreateAccount" time="10.261"/>
  <testcase classname="com.example.qa.test.ManageAccountPageTest" name="VerifyManageAccountPageOptionTest" time="23.138"/>
  <testcase classname="com.example.qa.test.TransactionsPageTest" name="VarifyTransactionsPageOptionTest" time="9.318"/>
  <testcase classname="com.example.qa.test.DepositPageTest" name="VarifyDepositPageOption" time="7.786"/>
  <testcase classname="com.example.qa.test.WithdrawPageTest" name="VarifyPageOptionTest" time="7.687"/>
  <testcase classname="com.example.qa.test.TransferPageTest" name="VarifyTransferPageOption" time="1.012"/>
  <testcase classname="com.example.qa.test.AnnouncementsPageTest" name="VerifyAnnouncementsPageOption" time="23.189"/>
</testsuite> <!-- Test -->
